[I 2026-06-12 08:49:49,950] Trial 9 finished with value: 0.8211780062000327 and parameters: {'seq_len': 24, 'batch_size': 64, 'lr': 0.0003280071082578536, 'weight_decay': 0.00043645169468077945, 'filters1': 8, 'filters2': 64, 'fc_units': 64, 'kernel_size': 3}. Best is trial 3 with value: 0.8773046173927231.
Best trial: 3. Best value: 0.877305: 100%|█████████████████████████████████████████████████████████████████| 10/10 [20:07<00:00, 120.70s/it]

Best trial val_acc: 0.8773
Best params: {'seq_len': 32, 'batch_size': 64, 'lr': 0.0003646439558980723, 'weight_decay': 0.00014817820606039095, 'filters1': 64, 'filters2': 128, 'fc_units': 64, 'kernel_size': 5}
Epoch 1/50 - train_loss: 1.0392 | val_loss: 0.9219 | val_acc: 0.5608
Epoch 2/50 - train_loss: 0.8242 | val_loss: 0.6887 | val_acc: 0.6883
Epoch 3/50 - train_loss: 0.6391 | val_loss: 0.6034 | val_acc: 0.7284
Epoch 4/50 - train_loss: 0.5735 | val_loss: 0.5466 | val_acc: 0.7614
Epoch 5/50 - train_loss: 0.5235 | val_loss: 0.4819 | val_acc: 0.7900
Epoch 6/50 - train_loss: 0.4879 | val_loss: 0.5265 | val_acc: 0.7800
Epoch 7/50 - train_loss: 0.4736 | val_loss: 0.4727 | val_acc: 0.8023
Epoch 8/50 - train_loss: 0.4415 | val_loss: 0.4498 | val_acc: 0.8008
Epoch 9/50 - train_loss: 0.4303 | val_loss: 0.4941 | val_acc: 0.7958
Epoch 10/50 - train_loss: 0.4186 | val_loss: 0.4112 | val_acc: 0.8296
Epoch 11/50 - train_loss: 0.4097 | val_loss: 0.3964 | val_acc: 0.8353
Epoch 12/50 - train_loss: 0.3952 | val_loss: 0.5252 | val_acc: 0.7624
Epoch 13/50 - train_loss: 0.3916 | val_loss: 0.3889 | val_acc: 0.8361
Epoch 14/50 - train_loss: 0.3756 | val_loss: 0.4104 | val_acc: 0.8290
Epoch 15/50 - train_loss: 0.3676 | val_loss: 0.3565 | val_acc: 0.8534
Epoch 16/50 - train_loss: 0.3650 | val_loss: 0.3861 | val_acc: 0.8392
Epoch 17/50 - train_loss: 0.3543 | val_loss: 0.3643 | val_acc: 0.8520
Epoch 18/50 - train_loss: 0.3465 | val_loss: 0.3370 | val_acc: 0.8599
Epoch 19/50 - train_loss: 0.3449 | val_loss: 0.3402 | val_acc: 0.8574
Epoch 20/50 - train_loss: 0.3396 | val_loss: 0.3418 | val_acc: 0.8564
Epoch 21/50 - train_loss: 0.3303 | val_loss: 0.3405 | val_acc: 0.8578
Epoch 22/50 - train_loss: 0.3255 | val_loss: 0.3748 | val_acc: 0.8399
Epoch 23/50 - train_loss: 0.3260 | val_loss: 0.3321 | val_acc: 0.8628
Epoch 24/50 - train_loss: 0.3201 | val_loss: 0.3129 | val_acc: 0.8729
Epoch 25/50 - train_loss: 0.3175 | val_loss: 0.3252 | val_acc: 0.8676
Epoch 26/50 - train_loss: 0.3092 | val_loss: 0.3377 | val_acc: 0.8541
Epoch 27/50 - train_loss: 0.3078 | val_loss: 0.3136 | val_acc: 0.8735
Epoch 28/50 - train_loss: 0.3072 | val_loss: 0.3254 | val_acc: 0.8631
Epoch 29/50 - train_loss: 0.3125 | val_loss: 0.3836 | val_acc: 0.8374
Epoch 30/50 - train_loss: 0.2992 | val_loss: 0.3166 | val_acc: 0.8670
Epoch 31/50 - train_loss: 0.2979 | val_loss: 0.3198 | val_acc: 0.8658
Epoch 32/50 - train_loss: 0.2922 | val_loss: 0.3273 | val_acc: 0.8653
Epoch 33/50 - train_loss: 0.2974 | val_loss: 0.3162 | val_acc: 0.8656
Epoch 34/50 - train_loss: 0.2868 | val_loss: 0.3095 | val_acc: 0.8674
Epoch 35/50 - train_loss: 0.2866 | val_loss: 0.2973 | val_acc: 0.8727
Epoch 36/50 - train_loss: 0.2911 | val_loss: 0.3215 | val_acc: 0.8630
Epoch 37/50 - train_loss: 0.2868 | val_loss: 0.3131 | val_acc: 0.8733
Epoch 38/50 - train_loss: 0.2800 | val_loss: 0.2961 | val_acc: 0.8806
Epoch 39/50 - train_loss: 0.2780 | val_loss: 0.2880 | val_acc: 0.8789
Epoch 40/50 - train_loss: 0.2828 | val_loss: 0.2984 | val_acc: 0.8762
Epoch 41/50 - train_loss: 0.2755 | val_loss: 0.3064 | val_acc: 0.8735
Epoch 42/50 - train_loss: 0.2754 | val_loss: 0.2922 | val_acc: 0.8774
Epoch 43/50 - train_loss: 0.2652 | val_loss: 0.3264 | val_acc: 0.8616
Epoch 44/50 - train_loss: 0.2685 | val_loss: 0.2767 | val_acc: 0.8856
Epoch 45/50 - train_loss: 0.2671 | val_loss: 0.2859 | val_acc: 0.8823
Epoch 46/50 - train_loss: 0.2769 | val_loss: 0.2939 | val_acc: 0.8781
Epoch 47/50 - train_loss: 0.2610 | val_loss: 0.2829 | val_acc: 0.8816
Epoch 48/50 - train_loss: 0.2584 | val_loss: 0.2826 | val_acc: 0.8839
Epoch 49/50 - train_loss: 0.2574 | val_loss: 0.2740 | val_acc: 0.8810
Epoch 50/50 - train_loss: 0.2638 | val_loss: 0.2840 | val_acc: 0.8793
              precision    recall  f1-score   support

     Neutral       0.86      0.82      0.84      1591
       Dorsi       0.87      0.93      0.90      1849
     Plantar       0.91      0.88      0.89      1770

    accuracy                           0.88      5210
   macro avg       0.88      0.88      0.88      5210
weighted avg       0.88      0.88      0.88      5210


==================================================
Testing on RAT 7
==================================================
Train: (28219, 16, 56) | Val: (6047, 16, 56) | Held-out: (6047, 16, 56) | Test rat: (7217, 16, 56)
Running Optuna hyperparameter search...
[I 2026-06-12 08:51:50,052] A new study created in memory with name: no-name-b7d6ade3-f136-4603-8829-0e42933830b5
[I 2026-06-12 08:53:11,087] Trial 0 finished with value: 0.7929551843889532 and parameters: {'seq_len': 24, 'batch_size': 32, 'lr': 0.0002051338263087451, 'weight_decay': 4.207053950287936e-06, 'filters1': 16, 'filters2': 32, 'fc_units': 64, 'kernel_size': 3}. Best is trial 0 with value: 0.7929551843889532.
[I 2026-06-12 08:56:10,448] Trial 1 finished with value: 0.8475276996857946 and parameters: {'seq_len': 40, 'batch_size': 128, 'lr': 0.000816845589476017, 'weight_decay': 0.0013826232179369874, 'filters1': 32, 'filters2': 128, 'fc_units': 16, 'kernel_size': 5}. Best is trial 1 with value: 0.8475276996857946.
[I 2026-06-12 08:56:42,387] Trial 2 finished with value: 0.8146188192492145 and parameters: {'seq_len': 8, 'batch_size': 128, 'lr': 0.00032927591344236165, 'weight_decay': 0.0004467752817973908, 'filters1': 32, 'filters2': 16, 'fc_units': 32, 'kernel_size': 7}. Best is trial 1 with value: 0.8475276996857946.
[I 2026-06-12 08:58:48,359] Trial 3 finished with value: 0.8556308913510832 and parameters: {'seq_len': 32, 'batch_size': 64, 'lr': 0.0003646439558980723, 'weight_decay': 0.00014817820606039095, 'filters1': 64, 'filters2': 128, 'fc_units': 64, 'kernel_size': 5}. Best is trial 3 with value: 0.8556308913510832.
[I 2026-06-12 09:00:16,042] Trial 4 finished with value: 0.8414089631222094 and parameters: {'seq_len': 56, 'batch_size': 32, 'lr': 0.0004187594718900631, 'weight_decay': 1.99863407785289e-05, 'filters1': 32, 'filters2': 64, 'fc_units': 16, 'kernel_size': 3}. Best is trial 3 with value: 0.8556308913510832.
[I 2026-06-12 09:04:28,445] Trial 5 finished with value: 0.6968744832148173 and parameters: {'seq_len': 8, 'batch_size': 32, 'lr': 0.006533305220227739, 'weight_decay': 9.935023909063694e-06, 'filters1': 16, 'filters2': 64, 'fc_units': 32, 'kernel_size': 5}. Best is trial 3 with value: 0.8556308913510832.
[I 2026-06-12 09:05:47,538] Trial 6 finished with value: 0.8161071605754919 and parameters: {'seq_len': 56, 'batch_size': 32, 'lr': 0.000285673742984719, 'weight_decay': 5.110120656497168e-05, 'filters1': 16, 'filters2': 16, 'fc_units': 16, 'kernel_size': 7}. Best is trial 3 with value: 0.8556308913510832.
[I 2026-06-12 09:06:30,902] Trial 7 finished with value: 0.7797254837109311 and parameters: {'seq_len': 64, 'batch_size': 64, 'lr': 0.00037126241790405324, 'weight_decay': 1.4045842344024705e-06, 'filters1': 8, 'filters2': 16, 'fc_units': 16, 'kernel_size': 3}. Best is trial 3 with value: 0.8556308913510832.
[I 2026-06-12 09:07:24,111] Trial 8 finished with value: 0.8058541425500249 and parameters: {'seq_len': 24, 'batch_size': 64, 'lr': 0.0001515582353959763, 'weight_decay': 0.0021938654178115065, 'filters1': 64, 'filters2': 16, 'fc_units': 64, 'kernel_size': 5}. Best is trial 3 with value: 0.8556308913510832.
[I 2026-06-12 09:08:15,316] Trial 9 finished with value: 0.7916322143211509 and parameters: {'seq_len': 24, 'batch_size': 64, 'lr': 0.0003280071082578536, 'weight_decay': 0.00043645169468077945, 'filters1': 8, 'filters2': 64, 'fc_units': 64, 'kernel_size': 3}. Best is trial 3 with value: 0.8556308913510832.
Best trial: 3. Best value: 0.855631: 100%|██████████████████████████████████████████████████████████████████| 10/10 [16:25<00:00, 98.53s/it]

Best trial val_acc: 0.8556
Best params: {'seq_len': 32, 'batch_size': 64, 'lr': 0.0003646439558980723, 'weight_decay': 0.00014817820606039095, 'filters1': 64, 'filters2': 128, 'fc_units': 64, 'kernel_size': 5}
Epoch 1/50 - train_loss: 1.0186 | val_loss: 0.9314 | val_acc: 0.5031
Epoch 2/50 - train_loss: 0.8682 | val_loss: 0.8687 | val_acc: 0.5331
Epoch 3/50 - train_loss: 0.7466 | val_loss: 0.7058 | val_acc: 0.6469
Epoch 4/50 - train_loss: 0.6715 | val_loss: 0.6778 | val_acc: 0.6813
Epoch 5/50 - train_loss: 0.6288 | val_loss: 0.6201 | val_acc: 0.7091
Epoch 6/50 - train_loss: 0.5873 | val_loss: 0.6349 | val_acc: 0.6996
Epoch 7/50 - train_loss: 0.5693 | val_loss: 0.5367 | val_acc: 0.7722
Epoch 8/50 - train_loss: 0.5418 | val_loss: 0.5227 | val_acc: 0.7712
Epoch 9/50 - train_loss: 0.5215 | val_loss: 0.5775 | val_acc: 0.7344
Epoch 10/50 - train_loss: 0.5101 | val_loss: 0.5123 | val_acc: 0.7619
Epoch 11/50 - train_loss: 0.4850 | val_loss: 0.4841 | val_acc: 0.7809
Epoch 12/50 - train_loss: 0.4717 | val_loss: 0.4762 | val_acc: 0.7967
Epoch 13/50 - train_loss: 0.4577 | val_loss: 0.4416 | val_acc: 0.8097
Epoch 14/50 - train_loss: 0.4501 | val_loss: 0.4415 | val_acc: 0.8010
Epoch 15/50 - train_loss: 0.4467 | val_loss: 0.4144 | val_acc: 0.8165
Epoch 16/50 - train_loss: 0.4284 | val_loss: 0.4411 | val_acc: 0.8053
Epoch 17/50 - train_loss: 0.4128 | val_loss: 0.4360 | val_acc: 0.8047
Epoch 18/50 - train_loss: 0.4124 | val_loss: 0.4221 | val_acc: 0.8136
Epoch 19/50 - train_loss: 0.4026 | val_loss: 0.4126 | val_acc: 0.8165
Epoch 20/50 - train_loss: 0.3953 | val_loss: 0.4098 | val_acc: 0.8233
Epoch 21/50 - train_loss: 0.3857 | val_loss: 0.4010 | val_acc: 0.8247
Epoch 22/50 - train_loss: 0.3851 | val_loss: 0.3794 | val_acc: 0.8354
Epoch 23/50 - train_loss: 0.3814 | val_loss: 0.3701 | val_acc: 0.8403
Epoch 24/50 - train_loss: 0.3691 | val_loss: 0.4235 | val_acc: 0.8204
Epoch 25/50 - train_loss: 0.3711 | val_loss: 0.3662 | val_acc: 0.8492
Epoch 26/50 - train_loss: 0.3612 | val_loss: 0.3430 | val_acc: 0.8553
Epoch 27/50 - train_loss: 0.3596 | val_loss: 0.4124 | val_acc: 0.8241
Epoch 28/50 - train_loss: 0.3598 | val_loss: 0.3574 | val_acc: 0.8535
Epoch 29/50 - train_loss: 0.3494 | val_loss: 0.3557 | val_acc: 0.8516
Epoch 30/50 - train_loss: 0.3492 | val_loss: 0.3304 | val_acc: 0.8553
Epoch 31/50 - train_loss: 0.3391 | val_loss: 0.3561 | val_acc: 0.8494
Epoch 32/50 - train_loss: 0.3359 | val_loss: 0.3452 | val_acc: 0.8500
Epoch 33/50 - train_loss: 0.3353 | val_loss: 0.4204 | val_acc: 0.8270
Epoch 34/50 - train_loss: 0.3356 | val_loss: 0.4057 | val_acc: 0.8233
Epoch 35/50 - train_loss: 0.3299 | val_loss: 0.3134 | val_acc: 0.8673
Epoch 36/50 - train_loss: 0.3215 | val_loss: 0.3533 | val_acc: 0.8492
Epoch 37/50 - train_loss: 0.3213 | val_loss: 0.3569 | val_acc: 0.8529
Epoch 38/50 - train_loss: 0.3194 | val_loss: 0.3364 | val_acc: 0.8549
Epoch 39/50 - train_loss: 0.3198 | val_loss: 0.3393 | val_acc: 0.8586
Epoch 40/50 - train_loss: 0.3216 | val_loss: 0.3390 | val_acc: 0.8574
Epoch 41/50 - train_loss: 0.3146 | val_loss: 0.3169 | val_acc: 0.8689
Epoch 42/50 - train_loss: 0.3132 | val_loss: 0.3445 | val_acc: 0.8601
Epoch 43/50 - train_loss: 0.3079 | val_loss: 0.3145 | val_acc: 0.8689
Epoch 44/50 - train_loss: 0.3009 | val_loss: 0.3203 | val_acc: 0.8648
Epoch 45/50 - train_loss: 0.3150 | val_loss: 0.3113 | val_acc: 0.8704
Epoch 46/50 - train_loss: 0.2966 | val_loss: 0.2932 | val_acc: 0.8753
Epoch 47/50 - train_loss: 0.2978 | val_loss: 0.3309 | val_acc: 0.8613
Epoch 48/50 - train_loss: 0.2979 | val_loss: 0.3170 | val_acc: 0.8663
Epoch 49/50 - train_loss: 0.2957 | val_loss: 0.3026 | val_acc: 0.8710
Epoch 50/50 - train_loss: 0.2905 | val_loss: 0.3657 | val_acc: 0.8527
              precision    recall  f1-score   support

     Neutral       0.81      0.79      0.80      1535
       Dorsi       0.95      0.83      0.88      1922
     Plantar       0.80      0.94      0.86      1683

    accuracy                           0.85      5140
   macro avg       0.85      0.85      0.85      5140
weighted avg       0.86      0.85      0.85      5140


==================================================
Testing on RAT 8
==================================================
Train: (28688, 16, 56) | Val: (6148, 16, 56) | Held-out: (6148, 16, 56) | Test rat: (6546, 16, 56)
Running Optuna hyperparameter search...
[I 2026-06-12 09:10:04,920] A new study created in memory with name: no-name-5f3b30a1-3cf5-48c2-814f-a80af3a7f420
[I 2026-06-12 09:11:27,258] Trial 0 finished with value: 0.7685426154847105 and parameters: {'seq_len': 24, 'batch_size': 32, 'lr': 0.0002051338263087451, 'weight_decay': 4.207053950287936e-06, 'filters1': 16, 'filters2': 32, 'fc_units': 64, 'kernel_size': 3}. Best is trial 0 with value: 0.7685426154847105.
[I 2026-06-12 09:14:45,327] Trial 1 finished with value: 0.8305139882888745 and parameters: {'seq_len': 40, 'batch_size': 128, 'lr': 0.000816845589476017, 'weight_decay': 0.0013826232179369874, 'filters1': 32, 'filters2': 128, 'fc_units': 16, 'kernel_size': 5}. Best is trial 1 with value: 0.8305139882888745.
[I 2026-06-12 09:15:17,345] Trial 2 finished with value: 0.8066037735849056 and parameters: {'seq_len': 8, 'batch_size': 128, 'lr': 0.00032927591344236165, 'weight_decay': 0.0004467752817973908, 'filters1': 32, 'filters2': 16, 'fc_units': 32, 'kernel_size': 7}. Best is trial 1 with value: 0.8305139882888745.
[I 2026-06-12 09:16:51,841] Trial 3 finished with value: 0.8327911515940143 and parameters: {'seq_len': 32, 'batch_size': 64, 'lr': 0.0003646439558980723, 'weight_decay': 0.00014817820606039095, 'filters1': 64, 'filters2': 128, 'fc_units': 64, 'kernel_size': 5}. Best is trial 3 with value: 0.8327911515940143.
[I 2026-06-12 09:18:18,667] Trial 4 finished with value: 0.8540988939492518 and parameters: {'seq_len': 56, 'batch_size': 32, 'lr': 0.0004187594718900631, 'weight_decay': 1.99863407785289e-05, 'filters1': 32, 'filters2': 64, 'fc_units': 16, 'kernel_size': 3}. Best is trial 4 with value: 0.8540988939492518.
[I 2026-06-12 09:22:41,760] Trial 5 finished with value: 0.6785946649316851 and parameters: {'seq_len': 8, 'batch_size': 32, 'lr': 0.006533305220227739, 'weight_decay': 9.935023909063694e-06, 'filters1': 16, 'filters2': 64, 'fc_units': 32, 'kernel_size': 5}. Best is trial 4 with value: 0.8540988939492518.
[I 2026-06-12 09:24:01,956] Trial 6 finished with value: 0.83295380611581 and parameters: {'seq_len': 56, 'batch_size': 32, 'lr': 0.000285673742984719, 'weight_decay': 5.110120656497168e-05, 'filters1': 16, 'filters2': 16, 'fc_units': 16, 'kernel_size': 7}. Best is trial 4 with value: 0.8540988939492518.
[I 2026-06-12 09:24:45,706] Trial 7 finished with value: 0.7410540013012362 and parameters: {'seq_len': 64, 'batch_size': 64, 'lr': 0.00037126241790405324, 'weight_decay': 1.4045842344024705e-06, 'filters1': 8, 'filters2': 16, 'fc_units': 16, 'kernel_size': 3}. Best is trial 4 with value: 0.8540988939492518.
[I 2026-06-12 09:25:40,091] Trial 8 finished with value: 0.7486987638256344 and parameters: {'seq_len': 24, 'batch_size': 64, 'lr': 0.0001515582353959763, 'weight_decay': 0.0021938654178115065, 'filters1': 64, 'filters2': 16, 'fc_units': 64, 'kernel_size': 5}. Best is trial 4 with value: 0.8540988939492518.
[I 2026-06-12 09:26:32,102] Trial 9 finished with value: 0.7574821080026025 and parameters: {'seq_len': 24, 'batch_size': 64, 'lr': 0.0003280071082578536, 'weight_decay': 0.00043645169468077945, 'filters1': 8, 'filters2': 64, 'fc_units': 64, 'kernel_size': 3}. Best is trial 4 with value: 0.8540988939492518.
Best trial: 4. Best value: 0.854099: 100%|██████████████████████████████████████████████████████████████████| 10/10 [16:27<00:00, 98.72s/it]

Best trial val_acc: 0.8541
Best params: {'seq_len': 56, 'batch_size': 32, 'lr': 0.0004187594718900631, 'weight_decay': 1.99863407785289e-05, 'filters1': 32, 'filters2': 64, 'fc_units': 16, 'kernel_size': 3}
Epoch 1/50 - train_loss: 1.0509 | val_loss: 0.9650 | val_acc: 0.4707
Epoch 2/50 - train_loss: 0.8963 | val_loss: 0.8447 | val_acc: 0.5739
Epoch 3/50 - train_loss: 0.8141 | val_loss: 0.8166 | val_acc: 0.5775
Epoch 4/50 - train_loss: 0.7537 | val_loss: 0.7196 | val_acc: 0.6772
Epoch 5/50 - train_loss: 0.7061 | val_loss: 0.6929 | val_acc: 0.6737
Epoch 6/50 - train_loss: 0.6695 | val_loss: 0.6642 | val_acc: 0.6806
Epoch 7/50 - train_loss: 0.6386 | val_loss: 0.6660 | val_acc: 0.6722
Epoch 8/50 - train_loss: 0.6174 | val_loss: 0.6293 | val_acc: 0.6996
Epoch 9/50 - train_loss: 0.5916 | val_loss: 0.5662 | val_acc: 0.7315
Epoch 10/50 - train_loss: 0.5753 | val_loss: 0.5708 | val_acc: 0.7348
Epoch 11/50 - train_loss: 0.5637 | val_loss: 0.5590 | val_acc: 0.7354
Epoch 12/50 - train_loss: 0.5465 | val_loss: 0.5727 | val_acc: 0.7256
Epoch 13/50 - train_loss: 0.5372 | val_loss: 0.5410 | val_acc: 0.7419
Epoch 14/50 - train_loss: 0.5319 | val_loss: 0.5373 | val_acc: 0.7574
Epoch 15/50 - train_loss: 0.5143 | val_loss: 0.5365 | val_acc: 0.7556
Epoch 16/50 - train_loss: 0.5078 | val_loss: 0.5053 | val_acc: 0.7690
Epoch 17/50 - train_loss: 0.4985 | val_loss: 0.5077 | val_acc: 0.7677
Epoch 18/50 - train_loss: 0.4910 | val_loss: 0.4885 | val_acc: 0.7750
Epoch 19/50 - train_loss: 0.4849 | val_loss: 0.4932 | val_acc: 0.7889
Epoch 20/50 - train_loss: 0.4782 | val_loss: 0.4985 | val_acc: 0.7824
Epoch 21/50 - train_loss: 0.4674 | val_loss: 0.4581 | val_acc: 0.8062
Epoch 22/50 - train_loss: 0.4606 | val_loss: 0.4457 | val_acc: 0.8046
Epoch 23/50 - train_loss: 0.4525 | val_loss: 0.4388 | val_acc: 0.8117
Epoch 24/50 - train_loss: 0.4458 | val_loss: 0.4454 | val_acc: 0.8081
Epoch 25/50 - train_loss: 0.4356 | val_loss: 0.4714 | val_acc: 0.7884
Epoch 26/50 - train_loss: 0.4353 | val_loss: 0.4343 | val_acc: 0.8157
Epoch 27/50 - train_loss: 0.4268 | val_loss: 0.4072 | val_acc: 0.8266
Epoch 28/50 - train_loss: 0.4184 | val_loss: 0.4642 | val_acc: 0.7998
Epoch 29/50 - train_loss: 0.4185 | val_loss: 0.4664 | val_acc: 0.7895
Epoch 30/50 - train_loss: 0.4100 | val_loss: 0.4462 | val_acc: 0.8090
Epoch 31/50 - train_loss: 0.4040 | val_loss: 0.4065 | val_acc: 0.8324
Epoch 32/50 - train_loss: 0.4060 | val_loss: 0.3991 | val_acc: 0.8270
Epoch 33/50 - train_loss: 0.3967 | val_loss: 0.3986 | val_acc: 0.8307
Epoch 34/50 - train_loss: 0.3908 | val_loss: 0.4295 | val_acc: 0.8215
Epoch 35/50 - train_loss: 0.3909 | val_loss: 0.4310 | val_acc: 0.8148
Epoch 36/50 - train_loss: 0.3875 | val_loss: 0.4023 | val_acc: 0.8245
Epoch 37/50 - train_loss: 0.3801 | val_loss: 0.3917 | val_acc: 0.8320
Epoch 38/50 - train_loss: 0.3789 | val_loss: 0.3971 | val_acc: 0.8251
Epoch 39/50 - train_loss: 0.3770 | val_loss: 0.3695 | val_acc: 0.8402
Epoch 40/50 - train_loss: 0.3715 | val_loss: 0.4397 | val_acc: 0.8159
Epoch 41/50 - train_loss: 0.3679 | val_loss: 0.4291 | val_acc: 0.8196
Epoch 42/50 - train_loss: 0.3739 | val_loss: 0.3696 | val_acc: 0.8454
Epoch 43/50 - train_loss: 0.3615 | val_loss: 0.3765 | val_acc: 0.8383
Epoch 44/50 - train_loss: 0.3618 | val_loss: 0.4043 | val_acc: 0.8320
Epoch 45/50 - train_loss: 0.3565 | val_loss: 0.3828 | val_acc: 0.8351
Epoch 46/50 - train_loss: 0.3582 | val_loss: 0.3962 | val_acc: 0.8330
Epoch 47/50 - train_loss: 0.3545 | val_loss: 0.3765 | val_acc: 0.8368
Epoch 48/50 - train_loss: 0.3487 | val_loss: 0.3603 | val_acc: 0.8513
Epoch 49/50 - train_loss: 0.3481 | val_loss: 0.3611 | val_acc: 0.8458
Epoch 50/50 - train_loss: 0.3440 | val_loss: 0.3936 | val_acc: 0.8335
              precision    recall  f1-score   support

     Neutral       0.86      0.67      0.75      1583
       Dorsi       0.80      0.94      0.86      1910
     Plantar       0.86      0.87      0.87      1733

    accuracy                           0.83      5226
   macro avg       0.84      0.83      0.83      5226
weighted avg       0.84      0.83      0.83      5226


==================================================
Testing on RAT 9
==================================================
Train: (28676, 16, 56) | Val: (6145, 16, 56) | Held-out: (6146, 16, 56) | Test rat: (6563, 16, 56)
Running Optuna hyperparameter search...
[I 2026-06-12 09:28:02,553] A new study created in memory with name: no-name-d0ed8f14-69ab-4ea5-9f57-283c688d687e
[I 2026-06-12 09:29:25,183] Trial 0 finished with value: 0.8484947111472743 and parameters: {'seq_len': 24, 'batch_size': 32, 'lr': 0.0002051338263087451, 'weight_decay': 4.207053950287936e-06, 'filters1': 16, 'filters2': 32, 'fc_units': 64, 'kernel_size': 3}. Best is trial 0 with value: 0.8484947111472743.
[I 2026-06-12 09:32:47,119] Trial 1 finished with value: 0.8045565500406835 and parameters: {'seq_len': 40, 'batch_size': 128, 'lr': 0.000816845589476017, 'weight_decay': 0.0013826232179369874, 'filters1': 32, 'filters2': 128, 'fc_units': 16, 'kernel_size': 5}. Best is trial 0 with value: 0.8484947111472743.
[I 2026-06-12 09:33:19,647] Trial 2 finished with value: 0.8486574450772986 and parameters: {'seq_len': 8, 'batch_size': 128, 'lr': 0.00032927591344236165, 'weight_decay': 0.0004467752817973908, 'filters1': 32, 'filters2': 16, 'fc_units': 32, 'kernel_size': 7}. Best is trial 2 with value: 0.8486574450772986.
[I 2026-06-12 09:35:57,267] Trial 3 finished with value: 0.8867371847030106 and parameters: {'seq_len': 32, 'batch_size': 64, 'lr': 0.0003646439558980723, 'weight_decay': 0.00014817820606039095, 'filters1': 64, 'filters2': 128, 'fc_units': 64, 'kernel_size': 5}. Best is trial 3 with value: 0.8867371847030106.
[I 2026-06-12 09:37:24,248] Trial 4 finished with value: 0.8660699755899105 and parameters: {'seq_len': 56, 'batch_size': 32, 'lr': 0.0004187594718900631, 'weight_decay': 1.99863407785289e-05, 'filters1': 32, 'filters2': 64, 'fc_units': 16, 'kernel_size': 3}. Best is trial 3 with value: 0.8867371847030106.
