[I 2026-06-12 09:43:51,863] Trial 5 finished with value: 0.6175752644426363 and parameters: {'seq_len': 8, 'batch_size': 32, 'lr': 0.006533305220227739, 'weight_decay': 9.935023909063694e-06, 'filters1': 16, 'filters2': 64, 'fc_units': 32, 'kernel_size': 5}. Best is trial 3 with value: 0.8867371847030106.
[I 2026-06-12 09:45:13,272] Trial 6 finished with value: 0.8489829129373474 and parameters: {'seq_len': 56, 'batch_size': 32, 'lr': 0.000285673742984719, 'weight_decay': 5.110120656497168e-05, 'filters1': 16, 'filters2': 16, 'fc_units': 16, 'kernel_size': 7}. Best is trial 3 with value: 0.8867371847030106.
[I 2026-06-12 09:45:58,185] Trial 7 finished with value: 0.8024410089503662 and parameters: {'seq_len': 64, 'batch_size': 64, 'lr': 0.00037126241790405324, 'weight_decay': 1.4045842344024705e-06, 'filters1': 8, 'filters2': 16, 'fc_units': 16, 'kernel_size': 3}. Best is trial 3 with value: 0.8867371847030106.
[I 2026-06-12 09:46:52,466] Trial 8 finished with value: 0.8307567127746135 and parameters: {'seq_len': 24, 'batch_size': 64, 'lr': 0.0001515582353959763, 'weight_decay': 0.0021938654178115065, 'filters1': 64, 'filters2': 16, 'fc_units': 64, 'kernel_size': 5}. Best is trial 3 with value: 0.8867371847030106.
[I 2026-06-12 09:47:42,377] Trial 9 finished with value: 0.8252237591537835 and parameters: {'seq_len': 24, 'batch_size': 64, 'lr': 0.0003280071082578536, 'weight_decay': 0.00043645169468077945, 'filters1': 8, 'filters2': 64, 'fc_units': 64, 'kernel_size': 3}. Best is trial 3 with value: 0.8867371847030106.
Best trial: 3. Best value: 0.886737: 100%|█████████████████████████████████████████████████████████████████| 10/10 [19:39<00:00, 117.98s/it]

Best trial val_acc: 0.8867
Best params: {'seq_len': 32, 'batch_size': 64, 'lr': 0.0003646439558980723, 'weight_decay': 0.00014817820606039095, 'filters1': 64, 'filters2': 128, 'fc_units': 64, 'kernel_size': 5}
Epoch 1/50 - train_loss: 1.0478 | val_loss: 0.9583 | val_acc: 0.4937
Epoch 2/50 - train_loss: 0.8250 | val_loss: 0.7803 | val_acc: 0.6432
Epoch 3/50 - train_loss: 0.6480 | val_loss: 0.5867 | val_acc: 0.7542
Epoch 4/50 - train_loss: 0.5686 | val_loss: 0.5198 | val_acc: 0.7720
Epoch 5/50 - train_loss: 0.5201 | val_loss: 0.5452 | val_acc: 0.7534
Epoch 6/50 - train_loss: 0.4813 | val_loss: 0.4661 | val_acc: 0.7940
Epoch 7/50 - train_loss: 0.4633 | val_loss: 0.4324 | val_acc: 0.8292
Epoch 8/50 - train_loss: 0.4348 | val_loss: 0.4163 | val_acc: 0.8285
Epoch 9/50 - train_loss: 0.4178 | val_loss: 0.3932 | val_acc: 0.8289
Epoch 10/50 - train_loss: 0.3977 | val_loss: 0.3716 | val_acc: 0.8409
Epoch 11/50 - train_loss: 0.3873 | val_loss: 0.3695 | val_acc: 0.8564
Epoch 12/50 - train_loss: 0.3732 | val_loss: 0.3946 | val_acc: 0.8258
Epoch 13/50 - train_loss: 0.3630 | val_loss: 0.3415 | val_acc: 0.8647
Epoch 14/50 - train_loss: 0.3701 | val_loss: 0.3447 | val_acc: 0.8673
Epoch 15/50 - train_loss: 0.3474 | val_loss: 0.3842 | val_acc: 0.8381
Epoch 16/50 - train_loss: 0.3386 | val_loss: 0.3264 | val_acc: 0.8706
Epoch 17/50 - train_loss: 0.3338 | val_loss: 0.3104 | val_acc: 0.8761
Epoch 18/50 - train_loss: 0.3384 | val_loss: 0.3158 | val_acc: 0.8739
Epoch 19/50 - train_loss: 0.3252 | val_loss: 0.3245 | val_acc: 0.8681
Epoch 20/50 - train_loss: 0.3160 | val_loss: 0.2999 | val_acc: 0.8767
Epoch 21/50 - train_loss: 0.3159 | val_loss: 0.3124 | val_acc: 0.8769
Epoch 22/50 - train_loss: 0.3188 | val_loss: 0.2928 | val_acc: 0.8850
Epoch 23/50 - train_loss: 0.3041 | val_loss: 0.3293 | val_acc: 0.8658
Epoch 24/50 - train_loss: 0.3038 | val_loss: 0.2896 | val_acc: 0.8846
Epoch 25/50 - train_loss: 0.3013 | val_loss: 0.2779 | val_acc: 0.8894
Epoch 26/50 - train_loss: 0.2942 | val_loss: 0.2909 | val_acc: 0.8796
Epoch 27/50 - train_loss: 0.2940 | val_loss: 0.2904 | val_acc: 0.8823
Epoch 28/50 - train_loss: 0.2881 | val_loss: 0.2736 | val_acc: 0.8945
Epoch 29/50 - train_loss: 0.2913 | val_loss: 0.2879 | val_acc: 0.8857
Epoch 30/50 - train_loss: 0.2855 | val_loss: 0.2955 | val_acc: 0.8746
Epoch 31/50 - train_loss: 0.2809 | val_loss: 0.3356 | val_acc: 0.8647
Epoch 32/50 - train_loss: 0.2829 | val_loss: 0.2726 | val_acc: 0.8867
Epoch 33/50 - train_loss: 0.2777 | val_loss: 0.2648 | val_acc: 0.8957
Epoch 34/50 - train_loss: 0.2763 | val_loss: 0.2620 | val_acc: 0.8951
Epoch 35/50 - train_loss: 0.2771 | val_loss: 0.2783 | val_acc: 0.8838
Epoch 36/50 - train_loss: 0.2666 | val_loss: 0.2954 | val_acc: 0.8769
Epoch 37/50 - train_loss: 0.2657 | val_loss: 0.2959 | val_acc: 0.8779
Epoch 38/50 - train_loss: 0.2626 | val_loss: 0.2776 | val_acc: 0.8853
Epoch 39/50 - train_loss: 0.2657 | val_loss: 0.2467 | val_acc: 0.8995
Epoch 40/50 - train_loss: 0.2626 | val_loss: 0.2595 | val_acc: 0.8934
Epoch 41/50 - train_loss: 0.2584 | val_loss: 0.2575 | val_acc: 0.8953
Epoch 42/50 - train_loss: 0.2578 | val_loss: 0.2789 | val_acc: 0.8863
Epoch 43/50 - train_loss: 0.2559 | val_loss: 0.2943 | val_acc: 0.8821
Epoch 44/50 - train_loss: 0.2505 | val_loss: 0.3193 | val_acc: 0.8698
Epoch 45/50 - train_loss: 0.2478 | val_loss: 0.3019 | val_acc: 0.8781
Epoch 46/50 - train_loss: 0.2530 | val_loss: 0.2367 | val_acc: 0.9039
Epoch 47/50 - train_loss: 0.2482 | val_loss: 0.2486 | val_acc: 0.8991
Epoch 48/50 - train_loss: 0.2479 | val_loss: 0.2380 | val_acc: 0.9058
Epoch 49/50 - train_loss: 0.2411 | val_loss: 0.2586 | val_acc: 0.8941
Epoch 50/50 - train_loss: 0.2447 | val_loss: 0.2548 | val_acc: 0.8932
              precision    recall  f1-score   support

     Neutral       0.80      0.90      0.85      1586
       Dorsi       0.93      0.91      0.92      1945
     Plantar       0.95      0.87      0.91      1693

    accuracy                           0.89      5224
   macro avg       0.90      0.89      0.89      5224
weighted avg       0.90      0.89      0.89      5224


==================================================
Testing on RAT 10
==================================================
Train: (28706, 16, 56) | Val: (6152, 16, 56) | Held-out: (6152, 16, 56) | Test rat: (6520, 16, 56)
Running Optuna hyperparameter search...
[I 2026-06-12 09:49:55,799] A new study created in memory with name: no-name-532810d3-041d-4fbd-ad5d-593354868607
[I 2026-06-12 09:51:24,560] Trial 0 finished with value: 0.8208712613784135 and parameters: {'seq_len': 24, 'batch_size': 32, 'lr': 0.0002051338263087451, 'weight_decay': 4.207053950287936e-06, 'filters1': 16, 'filters2': 32, 'fc_units': 64, 'kernel_size': 3}. Best is trial 0 with value: 0.8208712613784135.
[I 2026-06-12 09:53:42,975] Trial 1 finished with value: 0.8556566970091027 and parameters: {'seq_len': 40, 'batch_size': 128, 'lr': 0.000816845589476017, 'weight_decay': 0.0013826232179369874, 'filters1': 32, 'filters2': 128, 'fc_units': 16, 'kernel_size': 5}. Best is trial 1 with value: 0.8556566970091027.
[I 2026-06-12 09:54:15,349] Trial 2 finished with value: 0.83777633289987 and parameters: {'seq_len': 8, 'batch_size': 128, 'lr': 0.00032927591344236165, 'weight_decay': 0.0004467752817973908, 'filters1': 32, 'filters2': 16, 'fc_units': 32, 'kernel_size': 7}. Best is trial 1 with value: 0.8556566970091027.
[I 2026-06-12 09:55:32,765] Trial 3 finished with value: 0.8901170351105332 and parameters: {'seq_len': 32, 'batch_size': 64, 'lr': 0.0003646439558980723, 'weight_decay': 0.00014817820606039095, 'filters1': 64, 'filters2': 128, 'fc_units': 64, 'kernel_size': 5}. Best is trial 3 with value: 0.8901170351105332.
[I 2026-06-12 09:56:59,766] Trial 4 finished with value: 0.8743498049414824 and parameters: {'seq_len': 56, 'batch_size': 32, 'lr': 0.0004187594718900631, 'weight_decay': 1.99863407785289e-05, 'filters1': 32, 'filters2': 64, 'fc_units': 16, 'kernel_size': 3}. Best is trial 3 with value: 0.8901170351105332.
[I 2026-06-12 10:01:59,864] Trial 5 finished with value: 0.6851430429128739 and parameters: {'seq_len': 8, 'batch_size': 32, 'lr': 0.006533305220227739, 'weight_decay': 9.935023909063694e-06, 'filters1': 16, 'filters2': 64, 'fc_units': 32, 'kernel_size': 5}. Best is trial 3 with value: 0.8901170351105332.
[I 2026-06-12 10:03:20,849] Trial 6 finished with value: 0.8392392717815345 and parameters: {'seq_len': 56, 'batch_size': 32, 'lr': 0.000285673742984719, 'weight_decay': 5.110120656497168e-05, 'filters1': 16, 'filters2': 16, 'fc_units': 16, 'kernel_size': 7}. Best is trial 3 with value: 0.8901170351105332.
[I 2026-06-12 10:04:06,187] Trial 7 finished with value: 0.802665799739922 and parameters: {'seq_len': 64, 'batch_size': 64, 'lr': 0.00037126241790405324, 'weight_decay': 1.4045842344024705e-06, 'filters1': 8, 'filters2': 16, 'fc_units': 16, 'kernel_size': 3}. Best is trial 3 with value: 0.8901170351105332.
[I 2026-06-12 10:05:00,064] Trial 8 finished with value: 0.8304616384915474 and parameters: {'seq_len': 24, 'batch_size': 64, 'lr': 0.0001515582353959763, 'weight_decay': 0.0021938654178115065, 'filters1': 64, 'filters2': 16, 'fc_units': 64, 'kernel_size': 5}. Best is trial 3 with value: 0.8901170351105332.
[I 2026-06-12 10:05:52,850] Trial 9 finished with value: 0.8125812743823146 and parameters: {'seq_len': 24, 'batch_size': 64, 'lr': 0.0003280071082578536, 'weight_decay': 0.00043645169468077945, 'filters1': 8, 'filters2': 64, 'fc_units': 64, 'kernel_size': 3}. Best is trial 3 with value: 0.8901170351105332.
Best trial: 3. Best value: 0.890117: 100%|██████████████████████████████████████████████████████████████████| 10/10 [15:57<00:00, 95.71s/it]

Best trial val_acc: 0.8901
Best params: {'seq_len': 32, 'batch_size': 64, 'lr': 0.0003646439558980723, 'weight_decay': 0.00014817820606039095, 'filters1': 64, 'filters2': 128, 'fc_units': 64, 'kernel_size': 5}
Epoch 1/50 - train_loss: 1.0524 | val_loss: 0.9482 | val_acc: 0.5504
Epoch 2/50 - train_loss: 0.8552 | val_loss: 0.7597 | val_acc: 0.6558
Epoch 3/50 - train_loss: 0.7073 | val_loss: 0.6485 | val_acc: 0.6885
Epoch 4/50 - train_loss: 0.6190 | val_loss: 0.5937 | val_acc: 0.7145
Epoch 5/50 - train_loss: 0.5686 | val_loss: 0.5280 | val_acc: 0.7569
Epoch 6/50 - train_loss: 0.5383 | val_loss: 0.5330 | val_acc: 0.7485
Epoch 7/50 - train_loss: 0.5122 | val_loss: 0.4812 | val_acc: 0.7915
Epoch 8/50 - train_loss: 0.4901 | val_loss: 0.4969 | val_acc: 0.7862
Epoch 9/50 - train_loss: 0.4749 | val_loss: 0.4607 | val_acc: 0.7938
Epoch 10/50 - train_loss: 0.4516 | val_loss: 0.4610 | val_acc: 0.7738
Epoch 11/50 - train_loss: 0.4360 | val_loss: 0.4435 | val_acc: 0.8097
Epoch 12/50 - train_loss: 0.4317 | val_loss: 0.4396 | val_acc: 0.7875
Epoch 13/50 - train_loss: 0.4068 | val_loss: 0.4249 | val_acc: 0.8195
Epoch 14/50 - train_loss: 0.3965 | val_loss: 0.3921 | val_acc: 0.8380
Epoch 15/50 - train_loss: 0.3850 | val_loss: 0.3987 | val_acc: 0.8206
Epoch 16/50 - train_loss: 0.3748 | val_loss: 0.3625 | val_acc: 0.8503
Epoch 17/50 - train_loss: 0.3772 | val_loss: 0.3835 | val_acc: 0.8292
Epoch 18/50 - train_loss: 0.3574 | val_loss: 0.3655 | val_acc: 0.8384
Epoch 19/50 - train_loss: 0.3546 | val_loss: 0.3608 | val_acc: 0.8472
Epoch 20/50 - train_loss: 0.3456 | val_loss: 0.3570 | val_acc: 0.8547
Epoch 21/50 - train_loss: 0.3385 | val_loss: 0.3630 | val_acc: 0.8422
Epoch 22/50 - train_loss: 0.3336 | val_loss: 0.3433 | val_acc: 0.8541
Epoch 23/50 - train_loss: 0.3281 | val_loss: 0.3225 | val_acc: 0.8621
Epoch 24/50 - train_loss: 0.3291 | val_loss: 0.3092 | val_acc: 0.8698
Epoch 25/50 - train_loss: 0.3223 | val_loss: 0.3597 | val_acc: 0.8462
Epoch 26/50 - train_loss: 0.3193 | val_loss: 0.3104 | val_acc: 0.8679
Epoch 27/50 - train_loss: 0.3173 | val_loss: 0.3294 | val_acc: 0.8610
Epoch 28/50 - train_loss: 0.3068 | val_loss: 0.3028 | val_acc: 0.8701
Epoch 29/50 - train_loss: 0.3015 | val_loss: 0.3033 | val_acc: 0.8684
Epoch 30/50 - train_loss: 0.2981 | val_loss: 0.3028 | val_acc: 0.8726
Epoch 31/50 - train_loss: 0.2963 | val_loss: 0.3105 | val_acc: 0.8703
Epoch 32/50 - train_loss: 0.2938 | val_loss: 0.3253 | val_acc: 0.8629
Epoch 33/50 - train_loss: 0.2943 | val_loss: 0.3211 | val_acc: 0.8659
Epoch 34/50 - train_loss: 0.2920 | val_loss: 0.2791 | val_acc: 0.8809
Epoch 35/50 - train_loss: 0.2855 | val_loss: 0.2910 | val_acc: 0.8724
Epoch 36/50 - train_loss: 0.2833 | val_loss: 0.3012 | val_acc: 0.8698
Epoch 37/50 - train_loss: 0.2935 | val_loss: 0.2803 | val_acc: 0.8784
Epoch 38/50 - train_loss: 0.2845 | val_loss: 0.2908 | val_acc: 0.8757
Epoch 39/50 - train_loss: 0.2730 | val_loss: 0.3949 | val_acc: 0.8434
Epoch 40/50 - train_loss: 0.2812 | val_loss: 0.2782 | val_acc: 0.8795
Epoch 41/50 - train_loss: 0.2766 | val_loss: 0.3286 | val_acc: 0.8558
Epoch 42/50 - train_loss: 0.2762 | val_loss: 0.2781 | val_acc: 0.8828
Epoch 43/50 - train_loss: 0.2713 | val_loss: 0.2871 | val_acc: 0.8770
Epoch 44/50 - train_loss: 0.2709 | val_loss: 0.2691 | val_acc: 0.8849
Epoch 45/50 - train_loss: 0.2635 | val_loss: 0.3004 | val_acc: 0.8665
Epoch 46/50 - train_loss: 0.2652 | val_loss: 0.2861 | val_acc: 0.8759
Epoch 47/50 - train_loss: 0.2620 | val_loss: 0.3013 | val_acc: 0.8715
Epoch 48/50 - train_loss: 0.2619 | val_loss: 0.2743 | val_acc: 0.8851
Epoch 49/50 - train_loss: 0.2619 | val_loss: 0.3761 | val_acc: 0.8346
Epoch 50/50 - train_loss: 0.2560 | val_loss: 0.2922 | val_acc: 0.8768
              precision    recall  f1-score   support

     Neutral       0.80      0.86      0.83      1556
       Dorsi       0.92      0.88      0.90      1910
     Plantar       0.91      0.89      0.90      1763

    accuracy                           0.88      5229
   macro avg       0.88      0.88      0.88      5229
weighted avg       0.88      0.88      0.88      5229



Best params per rat:
  RAT 4: {'seq_len': 32, 'batch_size': 64, 'lr': 0.0003646439558980723, 'weight_decay': 0.00014817820606039095, 'filters1': 64, 'filters2': 128, 'fc_units': 64, 'kernel_size': 5}
  RAT 5: {'seq_len': 32, 'batch_size': 64, 'lr': 0.0003646439558980723, 'weight_decay': 0.00014817820606039095, 'filters1': 64, 'filters2': 128, 'fc_units': 64, 'kernel_size': 5}
  RAT 6: {'seq_len': 32, 'batch_size': 64, 'lr': 0.0003646439558980723, 'weight_decay': 0.00014817820606039095, 'filters1': 64, 'filters2': 128, 'fc_units': 64, 'kernel_size': 5}
  RAT 7: {'seq_len': 32, 'batch_size': 64, 'lr': 0.0003646439558980723, 'weight_decay': 0.00014817820606039095, 'filters1': 64, 'filters2': 128, 'fc_units': 64, 'kernel_size': 5}
  RAT 8: {'seq_len': 56, 'batch_size': 32, 'lr': 0.0004187594718900631, 'weight_decay': 1.99863407785289e-05, 'filters1': 32, 'filters2': 64, 'fc_units': 16, 'kernel_size': 3}
  RAT 9: {'seq_len': 32, 'batch_size': 64, 'lr': 0.0003646439558980723, 'weight_decay': 0.00014817820606039095, 'filters1': 64, 'filters2': 128, 'fc_units': 64, 'kernel_size': 5}
  RAT 10: {'seq_len': 32, 'batch_size': 64, 'lr': 0.0003646439558980723, 'weight_decay': 0.00014817820606039095, 'filters1': 64, 'filters2': 128, 'fc_units': 64, 'kernel_size': 5}
