==================================================
Testing on RAT 4
==================================================
Train: (28172, 16, 56) | Val: (6037, 16, 56) | Held-out: (6037, 16, 56) | Test rat: (7284, 16, 56)
Running Optuna hyperparameter search...
[I 2026-06-12 07:46:54,171] A new study created in memory with name: no-name-5a9d8205-e01d-4834-80ec-bd1609d375f8
[I 2026-06-12 07:48:14,186] Trial 0 finished with value: 0.7760477058141461 and parameters: {'seq_len': 24, 'batch_size': 32, 'lr': 0.0002051338263087451, 'weight_decay': 4.207053950287936e-06, 'filters1': 16, 'filters2': 32, 'fc_units': 64, 'kernel_size': 3}. Best is trial 0 with value: 0.7760477058141461.
[I 2026-06-12 07:50:32,626] Trial 1 finished with value: 0.8191154546960411 and parameters: {'seq_len': 40, 'batch_size': 128, 'lr': 0.000816845589476017, 'weight_decay': 0.0013826232179369874, 'filters1': 32, 'filters2': 128, 'fc_units': 16, 'kernel_size': 5}. Best is trial 1 with value: 0.8191154546960411.
[I 2026-06-12 07:51:04,167] Trial 2 finished with value: 0.7990723869471592 and parameters: {'seq_len': 8, 'batch_size': 128, 'lr': 0.00032927591344236165, 'weight_decay': 0.0004467752817973908, 'filters1': 32, 'filters2': 16, 'fc_units': 32, 'kernel_size': 7}. Best is trial 1 with value: 0.8191154546960411.
[I 2026-06-12 07:53:00,455] Trial 3 finished with value: 0.8782507868146431 and parameters: {'seq_len': 32, 'batch_size': 64, 'lr': 0.0003646439558980723, 'weight_decay': 0.00014817820606039095, 'filters1': 64, 'filters2': 128, 'fc_units': 64, 'kernel_size': 5}. Best is trial 3 with value: 0.8782507868146431.
[I 2026-06-12 07:54:26,476] Trial 4 finished with value: 0.817293357627961 and parameters: {'seq_len': 56, 'batch_size': 32, 'lr': 0.0004187594718900631, 'weight_decay': 1.99863407785289e-05, 'filters1': 32, 'filters2': 64, 'fc_units': 16, 'kernel_size': 3}. Best is trial 3 with value: 0.8782507868146431.
[I 2026-06-12 08:01:52,530] Trial 5 finished with value: 0.3766771575285738 and parameters: {'seq_len': 8, 'batch_size': 32, 'lr': 0.006533305220227739, 'weight_decay': 9.935023909063694e-06, 'filters1': 16, 'filters2': 64, 'fc_units': 32, 'kernel_size': 5}. Best is trial 3 with value: 0.8782507868146431.
[I 2026-06-12 08:03:14,249] Trial 6 finished with value: 0.8105019049196621 and parameters: {'seq_len': 56, 'batch_size': 32, 'lr': 0.000285673742984719, 'weight_decay': 5.110120656497168e-05, 'filters1': 16, 'filters2': 16, 'fc_units': 16, 'kernel_size': 7}. Best is trial 3 with value: 0.8782507868146431.
[I 2026-06-12 08:03:57,738] Trial 7 finished with value: 0.6980288222627132 and parameters: {'seq_len': 64, 'batch_size': 64, 'lr': 0.00037126241790405324, 'weight_decay': 1.4045842344024705e-06, 'filters1': 8, 'filters2': 16, 'fc_units': 16, 'kernel_size': 3}. Best is trial 3 with value: 0.8782507868146431.
[I 2026-06-12 08:04:50,587] Trial 8 finished with value: 0.7584893158853735 and parameters: {'seq_len': 24, 'batch_size': 64, 'lr': 0.0001515582353959763, 'weight_decay': 0.0021938654178115065, 'filters1': 64, 'filters2': 16, 'fc_units': 64, 'kernel_size': 5}. Best is trial 3 with value: 0.8782507868146431.
[I 2026-06-12 08:05:45,697] Trial 9 finished with value: 0.7775385125062116 and parameters: {'seq_len': 24, 'batch_size': 64, 'lr': 0.0003280071082578536, 'weight_decay': 0.00043645169468077945, 'filters1': 8, 'filters2': 64, 'fc_units': 64, 'kernel_size': 3}. Best is trial 3 with value: 0.8782507868146431.
Best trial: 3. Best value: 0.878251: 100%|█████████████████████████████████████████████████████████████████| 10/10 [18:51<00:00, 113.15s/it]

Best trial val_acc: 0.8783
Best params: {'seq_len': 32, 'batch_size': 64, 'lr': 0.0003646439558980723, 'weight_decay': 0.00014817820606039095, 'filters1': 64, 'filters2': 128, 'fc_units': 64, 'kernel_size': 5}
Epoch 1/50 - train_loss: 1.0751 | val_loss: 1.0206 | val_acc: 0.4788
Epoch 2/50 - train_loss: 0.9394 | val_loss: 0.8534 | val_acc: 0.6054
Epoch 3/50 - train_loss: 0.8002 | val_loss: 0.7345 | val_acc: 0.6518
Epoch 4/50 - train_loss: 0.7195 | val_loss: 0.6759 | val_acc: 0.6713
Epoch 5/50 - train_loss: 0.6667 | val_loss: 0.6256 | val_acc: 0.7081
Epoch 6/50 - train_loss: 0.6274 | val_loss: 0.6354 | val_acc: 0.6929
Epoch 7/50 - train_loss: 0.6001 | val_loss: 0.5736 | val_acc: 0.7336
Epoch 8/50 - train_loss: 0.5763 | val_loss: 0.5452 | val_acc: 0.7568
Epoch 9/50 - train_loss: 0.5552 | val_loss: 0.6249 | val_acc: 0.7013
Epoch 10/50 - train_loss: 0.5382 | val_loss: 0.5516 | val_acc: 0.7481
Epoch 11/50 - train_loss: 0.5257 | val_loss: 0.5621 | val_acc: 0.7510
Epoch 12/50 - train_loss: 0.5016 | val_loss: 0.4785 | val_acc: 0.7977
Epoch 13/50 - train_loss: 0.4886 | val_loss: 0.5255 | val_acc: 0.7654
Epoch 14/50 - train_loss: 0.4728 | val_loss: 0.5252 | val_acc: 0.7679
Epoch 15/50 - train_loss: 0.4577 | val_loss: 0.4395 | val_acc: 0.8069
Epoch 16/50 - train_loss: 0.4437 | val_loss: 0.4370 | val_acc: 0.8118
Epoch 17/50 - train_loss: 0.4353 | val_loss: 0.4300 | val_acc: 0.8161
Epoch 18/50 - train_loss: 0.4260 | val_loss: 0.4174 | val_acc: 0.8198
Epoch 19/50 - train_loss: 0.4187 | val_loss: 0.4240 | val_acc: 0.8221
Epoch 20/50 - train_loss: 0.4060 | val_loss: 0.3843 | val_acc: 0.8277
Epoch 21/50 - train_loss: 0.4037 | val_loss: 0.3913 | val_acc: 0.8272
Epoch 22/50 - train_loss: 0.3939 | val_loss: 0.3695 | val_acc: 0.8435
Epoch 23/50 - train_loss: 0.3912 | val_loss: 0.4227 | val_acc: 0.8120
Epoch 24/50 - train_loss: 0.3897 | val_loss: 0.3841 | val_acc: 0.8371
Epoch 25/50 - train_loss: 0.3789 | val_loss: 0.4036 | val_acc: 0.8240
Epoch 26/50 - train_loss: 0.3706 | val_loss: 0.4070 | val_acc: 0.8274
Epoch 27/50 - train_loss: 0.3714 | val_loss: 0.4153 | val_acc: 0.8170
Epoch 28/50 - train_loss: 0.3700 | val_loss: 0.3625 | val_acc: 0.8406
Epoch 29/50 - train_loss: 0.3625 | val_loss: 0.4392 | val_acc: 0.8057
Epoch 30/50 - train_loss: 0.3569 | val_loss: 0.3524 | val_acc: 0.8511
Epoch 31/50 - train_loss: 0.3590 | val_loss: 0.3724 | val_acc: 0.8426
Epoch 32/50 - train_loss: 0.3582 | val_loss: 0.3611 | val_acc: 0.8453
Epoch 33/50 - train_loss: 0.3520 | val_loss: 0.3509 | val_acc: 0.8498
Epoch 34/50 - train_loss: 0.3495 | val_loss: 0.3701 | val_acc: 0.8352
Epoch 35/50 - train_loss: 0.3413 | val_loss: 0.3590 | val_acc: 0.8496
Epoch 36/50 - train_loss: 0.3397 | val_loss: 0.3444 | val_acc: 0.8517
Epoch 37/50 - train_loss: 0.3385 | val_loss: 0.3477 | val_acc: 0.8560
Epoch 38/50 - train_loss: 0.3338 | val_loss: 0.3692 | val_acc: 0.8390
Epoch 39/50 - train_loss: 0.3308 | val_loss: 0.4306 | val_acc: 0.8285
Epoch 40/50 - train_loss: 0.3344 | val_loss: 0.3623 | val_acc: 0.8461
Epoch 41/50 - train_loss: 0.3314 | val_loss: 0.3626 | val_acc: 0.8468
Epoch 42/50 - train_loss: 0.3229 | val_loss: 0.3355 | val_acc: 0.8554
Epoch 43/50 - train_loss: 0.3196 | val_loss: 0.3226 | val_acc: 0.8615
Epoch 44/50 - train_loss: 0.3164 | val_loss: 0.3576 | val_acc: 0.8461
Epoch 45/50 - train_loss: 0.3179 | val_loss: 0.3120 | val_acc: 0.8667
Epoch 46/50 - train_loss: 0.3106 | val_loss: 0.4233 | val_acc: 0.8274
Epoch 47/50 - train_loss: 0.3142 | val_loss: 0.3074 | val_acc: 0.8712
Epoch 48/50 - train_loss: 0.3078 | val_loss: 0.3108 | val_acc: 0.8728
Epoch 49/50 - train_loss: 0.3044 | val_loss: 0.3773 | val_acc: 0.8428
Epoch 50/50 - train_loss: 0.3090 | val_loss: 0.3364 | val_acc: 0.8574
              precision    recall  f1-score   support

     Neutral       0.82      0.79      0.80      1514
       Dorsi       0.84      0.92      0.88      1917
     Plantar       0.91      0.85      0.88      1701

    accuracy                           0.86      5132
   macro avg       0.86      0.85      0.85      5132
weighted avg       0.86      0.86      0.86      5132


==================================================
Testing on RAT 5
==================================================
Train: (28558, 16, 56) | Val: (6120, 16, 56) | Held-out: (6120, 16, 56) | Test rat: (6732, 16, 56)
Running Optuna hyperparameter search...
[I 2026-06-12 08:07:39,718] A new study created in memory with name: no-name-cf4a049d-2706-4f83-aa1d-3f262903713d
[I 2026-06-12 08:09:01,141] Trial 0 finished with value: 0.8104575163398693 and parameters: {'seq_len': 24, 'batch_size': 32, 'lr': 0.0002051338263087451, 'weight_decay': 4.207053950287936e-06, 'filters1': 16, 'filters2': 32, 'fc_units': 64, 'kernel_size': 3}. Best is trial 0 with value: 0.8104575163398693.
[I 2026-06-12 08:12:26,916] Trial 1 finished with value: 0.8436274509803922 and parameters: {'seq_len': 40, 'batch_size': 128, 'lr': 0.000816845589476017, 'weight_decay': 0.0013826232179369874, 'filters1': 32, 'filters2': 128, 'fc_units': 16, 'kernel_size': 5}. Best is trial 1 with value: 0.8436274509803922.
[I 2026-06-12 08:12:59,138] Trial 2 finished with value: 0.8196078431372549 and parameters: {'seq_len': 8, 'batch_size': 128, 'lr': 0.00032927591344236165, 'weight_decay': 0.0004467752817973908, 'filters1': 32, 'filters2': 16, 'fc_units': 32, 'kernel_size': 7}. Best is trial 1 with value: 0.8436274509803922.
[I 2026-06-12 08:14:37,390] Trial 3 finished with value: 0.848202614379085 and parameters: {'seq_len': 32, 'batch_size': 64, 'lr': 0.0003646439558980723, 'weight_decay': 0.00014817820606039095, 'filters1': 64, 'filters2': 128, 'fc_units': 64, 'kernel_size': 5}. Best is trial 3 with value: 0.848202614379085.
[I 2026-06-12 08:16:06,941] Trial 4 finished with value: 0.838562091503268 and parameters: {'seq_len': 56, 'batch_size': 32, 'lr': 0.0004187594718900631, 'weight_decay': 1.99863407785289e-05, 'filters1': 32, 'filters2': 64, 'fc_units': 16, 'kernel_size': 3}. Best is trial 3 with value: 0.848202614379085.
[I 2026-06-12 08:23:21,609] Trial 5 finished with value: 0.3668300653594771 and parameters: {'seq_len': 8, 'batch_size': 32, 'lr': 0.006533305220227739, 'weight_decay': 9.935023909063694e-06, 'filters1': 16, 'filters2': 64, 'fc_units': 32, 'kernel_size': 5}. Best is trial 3 with value: 0.848202614379085.
[I 2026-06-12 08:24:41,665] Trial 6 finished with value: 0.8312091503267974 and parameters: {'seq_len': 56, 'batch_size': 32, 'lr': 0.000285673742984719, 'weight_decay': 5.110120656497168e-05, 'filters1': 16, 'filters2': 16, 'fc_units': 16, 'kernel_size': 7}. Best is trial 3 with value: 0.848202614379085.
[I 2026-06-12 08:25:25,296] Trial 7 finished with value: 0.7290849673202614 and parameters: {'seq_len': 64, 'batch_size': 64, 'lr': 0.00037126241790405324, 'weight_decay': 1.4045842344024705e-06, 'filters1': 8, 'filters2': 16, 'fc_units': 16, 'kernel_size': 3}. Best is trial 3 with value: 0.848202614379085.
[I 2026-06-12 08:26:18,880] Trial 8 finished with value: 0.8053921568627451 and parameters: {'seq_len': 24, 'batch_size': 64, 'lr': 0.0001515582353959763, 'weight_decay': 0.0021938654178115065, 'filters1': 64, 'filters2': 16, 'fc_units': 64, 'kernel_size': 5}. Best is trial 3 with value: 0.848202614379085.
[I 2026-06-12 08:27:13,895] Trial 9 finished with value: 0.7524509803921569 and parameters: {'seq_len': 24, 'batch_size': 64, 'lr': 0.0003280071082578536, 'weight_decay': 0.00043645169468077945, 'filters1': 8, 'filters2': 64, 'fc_units': 64, 'kernel_size': 3}. Best is trial 3 with value: 0.848202614379085.
Best trial: 3. Best value: 0.848203: 100%|█████████████████████████████████████████████████████████████████| 10/10 [19:34<00:00, 117.42s/it]

Best trial val_acc: 0.8482
Best params: {'seq_len': 32, 'batch_size': 64, 'lr': 0.0003646439558980723, 'weight_decay': 0.00014817820606039095, 'filters1': 64, 'filters2': 128, 'fc_units': 64, 'kernel_size': 5}
Epoch 1/50 - train_loss: 1.0621 | val_loss: 0.9633 | val_acc: 0.5111
Epoch 2/50 - train_loss: 0.8640 | val_loss: 0.7646 | val_acc: 0.6346
Epoch 3/50 - train_loss: 0.7143 | val_loss: 0.6561 | val_acc: 0.6967
Epoch 4/50 - train_loss: 0.6486 | val_loss: 0.6599 | val_acc: 0.6820
Epoch 5/50 - train_loss: 0.6036 | val_loss: 0.6298 | val_acc: 0.7122
Epoch 6/50 - train_loss: 0.5705 | val_loss: 0.5558 | val_acc: 0.7543
Epoch 7/50 - train_loss: 0.5428 | val_loss: 0.5430 | val_acc: 0.7562
Epoch 8/50 - train_loss: 0.5279 | val_loss: 0.5581 | val_acc: 0.7534
Epoch 9/50 - train_loss: 0.5031 | val_loss: 0.5474 | val_acc: 0.7664
Epoch 10/50 - train_loss: 0.4824 | val_loss: 0.5129 | val_acc: 0.7814
Epoch 11/50 - train_loss: 0.4712 | val_loss: 0.4401 | val_acc: 0.7978
Epoch 12/50 - train_loss: 0.4497 | val_loss: 0.4227 | val_acc: 0.8222
Epoch 13/50 - train_loss: 0.4336 | val_loss: 0.4272 | val_acc: 0.8007
Epoch 14/50 - train_loss: 0.4265 | val_loss: 0.4484 | val_acc: 0.8058
Epoch 15/50 - train_loss: 0.4161 | val_loss: 0.4227 | val_acc: 0.8214
Epoch 16/50 - train_loss: 0.4021 | val_loss: 0.4142 | val_acc: 0.8260
Epoch 17/50 - train_loss: 0.3992 | val_loss: 0.3799 | val_acc: 0.8378
Epoch 18/50 - train_loss: 0.3873 | val_loss: 0.3927 | val_acc: 0.8349
Epoch 19/50 - train_loss: 0.3831 | val_loss: 0.3682 | val_acc: 0.8424
Epoch 20/50 - train_loss: 0.3755 | val_loss: 0.4049 | val_acc: 0.8245
Epoch 21/50 - train_loss: 0.3777 | val_loss: 0.3556 | val_acc: 0.8499
Epoch 22/50 - train_loss: 0.3607 | val_loss: 0.3587 | val_acc: 0.8401
Epoch 23/50 - train_loss: 0.3686 | val_loss: 0.3451 | val_acc: 0.8520
Epoch 24/50 - train_loss: 0.3559 | val_loss: 0.3467 | val_acc: 0.8529
Epoch 25/50 - train_loss: 0.3552 | val_loss: 0.3355 | val_acc: 0.8647
Epoch 26/50 - train_loss: 0.3555 | val_loss: 0.4050 | val_acc: 0.8260
Epoch 27/50 - train_loss: 0.3446 | val_loss: 0.3392 | val_acc: 0.8589
Epoch 28/50 - train_loss: 0.3418 | val_loss: 0.3463 | val_acc: 0.8562
Epoch 29/50 - train_loss: 0.3427 | val_loss: 0.3264 | val_acc: 0.8631
Epoch 30/50 - train_loss: 0.3412 | val_loss: 0.3393 | val_acc: 0.8627
Epoch 31/50 - train_loss: 0.3450 | val_loss: 0.3697 | val_acc: 0.8483
Epoch 32/50 - train_loss: 0.3294 | val_loss: 0.3336 | val_acc: 0.8576
Epoch 33/50 - train_loss: 0.3200 | val_loss: 0.3107 | val_acc: 0.8716
Epoch 34/50 - train_loss: 0.3207 | val_loss: 0.3443 | val_acc: 0.8502
Epoch 35/50 - train_loss: 0.3244 | val_loss: 0.3669 | val_acc: 0.8458
Epoch 36/50 - train_loss: 0.3121 | val_loss: 0.3084 | val_acc: 0.8718
Epoch 37/50 - train_loss: 0.3151 | val_loss: 0.3451 | val_acc: 0.8451
Epoch 38/50 - train_loss: 0.3086 | val_loss: 0.3107 | val_acc: 0.8749
Epoch 39/50 - train_loss: 0.3062 | val_loss: 0.3817 | val_acc: 0.8414
Epoch 40/50 - train_loss: 0.3251 | val_loss: 0.3107 | val_acc: 0.8702
Epoch 41/50 - train_loss: 0.3031 | val_loss: 0.2907 | val_acc: 0.8785
Epoch 42/50 - train_loss: 0.2959 | val_loss: 0.2966 | val_acc: 0.8770
Epoch 43/50 - train_loss: 0.3006 | val_loss: 0.3031 | val_acc: 0.8737
Epoch 44/50 - train_loss: 0.2950 | val_loss: 0.2877 | val_acc: 0.8785
Epoch 45/50 - train_loss: 0.2993 | val_loss: 0.3112 | val_acc: 0.8683
Epoch 46/50 - train_loss: 0.2967 | val_loss: 0.3294 | val_acc: 0.8597
Epoch 47/50 - train_loss: 0.2984 | val_loss: 0.2950 | val_acc: 0.8797
Epoch 48/50 - train_loss: 0.2944 | val_loss: 0.2913 | val_acc: 0.8775
Epoch 49/50 - train_loss: 0.2947 | val_loss: 0.3010 | val_acc: 0.8750
Epoch 50/50 - train_loss: 0.2850 | val_loss: 0.2818 | val_acc: 0.8858
              precision    recall  f1-score   support

     Neutral       0.80      0.89      0.84      1599
       Dorsi       0.95      0.87      0.91      1913
     Plantar       0.91      0.90      0.91      1690

    accuracy                           0.89      5202
   macro avg       0.89      0.89      0.89      5202
weighted avg       0.89      0.89      0.89      5202


==================================================
Testing on RAT 6
==================================================
Train: (28603, 16, 56) | Val: (6129, 16, 56) | Held-out: (6130, 16, 56) | Test rat: (6668, 16, 56)
Running Optuna hyperparameter search...
[I 2026-06-12 08:29:42,917] A new study created in memory with name: no-name-ff794afa-04fa-4af4-b908-59f78fed4c5e
[I 2026-06-12 08:31:05,080] Trial 0 finished with value: 0.8347201827378039 and parameters: {'seq_len': 24, 'batch_size': 32, 'lr': 0.0002051338263087451, 'weight_decay': 4.207053950287936e-06, 'filters1': 16, 'filters2': 32, 'fc_units': 64, 'kernel_size': 3}. Best is trial 0 with value: 0.8347201827378039.
[I 2026-06-12 08:33:48,126] Trial 1 finished with value: 0.8689835209658998 and parameters: {'seq_len': 40, 'batch_size': 128, 'lr': 0.000816845589476017, 'weight_decay': 0.0013826232179369874, 'filters1': 32, 'filters2': 128, 'fc_units': 16, 'kernel_size': 5}. Best is trial 1 with value: 0.8689835209658998.
[I 2026-06-12 08:34:19,980] Trial 2 finished with value: 0.8234622287485723 and parameters: {'seq_len': 8, 'batch_size': 128, 'lr': 0.00032927591344236165, 'weight_decay': 0.0004467752817973908, 'filters1': 32, 'filters2': 16, 'fc_units': 32, 'kernel_size': 7}. Best is trial 1 with value: 0.8689835209658998.
[I 2026-06-12 08:35:58,398] Trial 3 finished with value: 0.8773046173927231 and parameters: {'seq_len': 32, 'batch_size': 64, 'lr': 0.0003646439558980723, 'weight_decay': 0.00014817820606039095, 'filters1': 64, 'filters2': 128, 'fc_units': 64, 'kernel_size': 5}. Best is trial 3 with value: 0.8773046173927231.
[I 2026-06-12 08:37:27,785] Trial 4 finished with value: 0.8624571708272148 and parameters: {'seq_len': 56, 'batch_size': 32, 'lr': 0.0004187594718900631, 'weight_decay': 1.99863407785289e-05, 'filters1': 32, 'filters2': 64, 'fc_units': 16, 'kernel_size': 3}. Best is trial 3 with value: 0.8773046173927231.
[I 2026-06-12 08:45:50,899] Trial 5 finished with value: 0.3662914015336923 and parameters: {'seq_len': 8, 'batch_size': 32, 'lr': 0.006533305220227739, 'weight_decay': 9.935023909063694e-06, 'filters1': 16, 'filters2': 64, 'fc_units': 32, 'kernel_size': 5}. Best is trial 3 with value: 0.8773046173927231.
[I 2026-06-12 08:47:12,650] Trial 6 finished with value: 0.8387991515744819 and parameters: {'seq_len': 56, 'batch_size': 32, 'lr': 0.000285673742984719, 'weight_decay': 5.110120656497168e-05, 'filters1': 16, 'filters2': 16, 'fc_units': 16, 'kernel_size': 7}. Best is trial 3 with value: 0.8773046173927231.
[I 2026-06-12 08:47:56,776] Trial 7 finished with value: 0.7870778267254038 and parameters: {'seq_len': 64, 'batch_size': 64, 'lr': 0.00037126241790405324, 'weight_decay': 1.4045842344024705e-06, 'filters1': 8, 'filters2': 16, 'fc_units': 16, 'kernel_size': 3}. Best is trial 3 with value: 0.8773046173927231.
[I 2026-06-12 08:48:51,682] Trial 8 finished with value: 0.827051721324849 and parameters: {'seq_len': 24, 'batch_size': 64, 'lr': 0.0001515582353959763, 'weight_decay': 0.0021938654178115065, 'filters1': 64, 'filters2': 16, 'fc_units': 64, 'kernel_size': 5}. Best is trial 3 with value: 0.8773046173927231.
